{"C:\\Users\\Iain\\IdeaProjects\\unit-testing-in-next-js-iwest05\\vite-project\\src\\components\\Counter.jsx": {"path":"C:\\Users\\Iain\\IdeaProjects\\unit-testing-in-next-js-iwest05\\vite-project\\src\\components\\Counter.jsx","statementMap":{"0":{"start":{"line":4,"column":28},"end":{"line":4,"column":39}},"1":{"start":{"line":5,"column":2},"end":{"line":5,"column":21}},"2":{"start":{"line":7,"column":2},"end":{"line":14,"column":4}},"3":{"start":{"line":11,"column":29},"end":{"line":11,"column":48}},"4":{"start":{"line":12,"column":29},"end":{"line":12,"column":48}}},"fnMap":{"0":{"name":"Counter","decl":{"start":{"line":3,"column":9},"end":{"line":3,"column":16}},"loc":{"start":{"line":3,"column":19},"end":{"line":15,"column":1}},"line":3},"1":{"name":"(anonymous_1)","decl":{"start":{"line":11,"column":23},"end":{"line":11,"column":24}},"loc":{"start":{"line":11,"column":29},"end":{"line":11,"column":48}},"line":11},"2":{"name":"(anonymous_2)","decl":{"start":{"line":12,"column":23},"end":{"line":12,"column":24}},"loc":{"start":{"line":12,"column":29},"end":{"line":12,"column":48}},"line":12}},"branchMap":{},"s":{"0":11,"1":11,"2":11,"3":4,"4":2},"f":{"0":11,"1":4,"2":2},"b":{},"_coverageSchema":"1a1c01bbd47fc00a2c39e90264f33305004495a9","hash":"c4a7cd10ff54b3c19c182045193a9cf8f7e8e9a9"}
,"C:\\Users\\Iain\\IdeaProjects\\unit-testing-in-next-js-iwest05\\vite-project\\src\\utils\\calculateTotal.js": {"path":"C:\\Users\\Iain\\IdeaProjects\\unit-testing-in-next-js-iwest05\\vite-project\\src\\utils\\calculateTotal.js","statementMap":{"0":{"start":{"line":3,"column":2},"end":{"line":5,"column":3}},"1":{"start":{"line":4,"column":4},"end":{"line":4,"column":13}},"2":{"start":{"line":7,"column":14},"end":{"line":7,"column":15}},"3":{"start":{"line":8,"column":2},"end":{"line":10,"column":3}},"4":{"start":{"line":8,"column":15},"end":{"line":8,"column":16}},"5":{"start":{"line":9,"column":4},"end":{"line":9,"column":24}},"6":{"start":{"line":11,"column":2},"end":{"line":11,"column":15}}},"fnMap":{"0":{"name":"calculateTotal","decl":{"start":{"line":2,"column":9},"end":{"line":2,"column":23}},"loc":{"start":{"line":2,"column":33},"end":{"line":12,"column":1}},"line":2}},"branchMap":{"0":{"loc":{"start":{"line":3,"column":2},"end":{"line":5,"column":3}},"type":"if","locations":[{"start":{"line":3,"column":2},"end":{"line":5,"column":3}},{"start":{},"end":{}}],"line":3}},"s":{"0":9,"1":1,"2":8,"3":8,"4":8,"5":23,"6":8},"f":{"0":9},"b":{"0":[1,8]},"_coverageSchema":"1a1c01bbd47fc00a2c39e90264f33305004495a9","hash":"666ddb720073bce395e20e5095f210e87d480f8c"}
}
